Flow report for CPU
Mon Nov 19 17:22:50 2018
Quartus Prime Version 17.1.0 Build 590 10/25/2017 SJ Standard Edition


---------------------
; Table of Contents ;
---------------------
  1. Legal Notice
  2. Flow Summary
  3. Flow Settings
  4. Flow Non-Default Global Settings
  5. Flow Elapsed Time
  6. Flow OS Summary
  7. Flow Log
  8. Flow Messages
  9. Flow Suppressed Messages



----------------
; Legal Notice ;
----------------
Copyright (C) 2017  Intel Corporation. All rights reserved.
Your use of Intel Corporation's design tools, logic functions 
and other software and tools, and its AMPP partner logic 
functions, and any output files from any of the foregoing 
(including device programming or simulation files), and any 
associated documentation or information are expressly subject 
to the terms and conditions of the Intel Program License 
Subscription Agreement, the Intel Quartus Prime License Agreement,
the Intel FPGA IP License Agreement, or other applicable license
agreement, including, without limitation, that your use is for
the sole purpose of programming logic devices manufactured by
Intel and sold by Intel or its authorized distributors.  Please
refer to the applicable agreement for further details.



+--------------------------------------------------------------------------------------+
; Flow Summary                                                                         ;
+------------------------------------+-------------------------------------------------+
; Flow Status                        ; Successful - Mon Nov 19 17:22:43 2018           ;
; Quartus Prime Version              ; 17.1.0 Build 590 10/25/2017 SJ Standard Edition ;
; Revision Name                      ; CPU                                             ;
; Top-level Entity Name              ; CPU                                             ;
; Family                             ; Cyclone IV E                                    ;
; Device                             ; EP4CE115F29C7                                   ;
; Timing Models                      ; Final                                           ;
; Total logic elements               ; 2,649 / 114,480 ( 2 % )                         ;
;     Total combinational functions  ; 2,649 / 114,480 ( 2 % )                         ;
;     Dedicated logic registers      ; 1,161 / 114,480 ( 1 % )                         ;
; Total registers                    ; 1161                                            ;
; Total pins                         ; 83 / 529 ( 16 % )                               ;
; Total virtual pins                 ; 0                                               ;
; Total memory bits                  ; 532,480 / 3,981,312 ( 13 % )                    ;
; Embedded Multiplier 9-bit elements ; 0 / 532 ( 0 % )                                 ;
; Total PLLs                         ; 0 / 4 ( 0 % )                                   ;
+------------------------------------+-------------------------------------------------+


+-----------------------------------------+
; Flow Settings                           ;
+-------------------+---------------------+
; Option            ; Setting             ;
+-------------------+---------------------+
; Start date & time ; 11/19/2018 17:21:56 ;
; Main task         ; Compilation         ;
; Revision Name     ; CPU                 ;
+-------------------+---------------------+


+-------------------------------------------------------------------------------------------------------------------------------------+
; Flow Non-Default Global Settings                                                                                                    ;
+--------------------------------------------+----------------------------------------+--------------------+-------------+------------+
; Assignment Name                            ; Value                                  ; Default Value      ; Entity Name ; Section Id ;
+--------------------------------------------+----------------------------------------+--------------------+-------------+------------+
; COMPILER_SIGNATURE_ID                      ; 255332401455866.154265531516809        ; --                 ; --          ; --         ;
; ENABLE_BENEFICIAL_SKEW_OPTIMIZATION        ; Off                                    ; On                 ; --          ; --         ;
; FINAL_PLACEMENT_OPTIMIZATION               ; Never                                  ; Automatically      ; --          ; --         ;
; FITTER_AGGRESSIVE_ROUTABILITY_OPTIMIZATION ; Never                                  ; Automatically      ; --          ; --         ;
; FITTER_EFFORT                              ; Fast Fit                               ; Auto Fit           ; --          ; --         ;
; MAX_CORE_JUNCTION_TEMP                     ; 85                                     ; --                 ; --          ; --         ;
; MIN_CORE_JUNCTION_TEMP                     ; 0                                      ; --                 ; --          ; --         ;
; OPTIMIZE_FOR_METASTABILITY                 ; Off                                    ; On                 ; --          ; --         ;
; OPTIMIZE_HOLD_TIMING                       ; Off                                    ; All Paths          ; --          ; --         ;
; OPTIMIZE_IOC_REGISTER_PLACEMENT_FOR_TIMING ; Off                                    ; Normal             ; --          ; --         ;
; OPTIMIZE_MULTI_CORNER_TIMING               ; Off                                    ; On                 ; --          ; --         ;
; OPTIMIZE_TIMING                            ; Off                                    ; Normal compilation ; --          ; --         ;
; PARTITION_COLOR                            ; -- (Not supported for targeted family) ; --                 ; --          ; Top        ;
; PARTITION_FITTER_PRESERVATION_LEVEL        ; -- (Not supported for targeted family) ; --                 ; --          ; Top        ;
; PARTITION_NETLIST_TYPE                     ; -- (Not supported for targeted family) ; --                 ; --          ; Top        ;
; PHYSICAL_SYNTHESIS_EFFORT                  ; Fast                                   ; Normal             ; --          ; --         ;
; POWER_BOARD_THERMAL_MODEL                  ; None (CONSERVATIVE)                    ; --                 ; --          ; --         ;
; POWER_PRESET_COOLING_SOLUTION              ; 23 MM HEAT SINK WITH 200 LFPM AIRFLOW  ; --                 ; --          ; --         ;
; PROJECT_OUTPUT_DIRECTORY                   ; output_files                           ; --                 ; --          ; --         ;
; ROUTER_TIMING_OPTIMIZATION_LEVEL           ; MINIMUM                                ; Normal             ; --          ; --         ;
+--------------------------------------------+----------------------------------------+--------------------+-------------+------------+


+-------------------------------------------------------------------------------------------------------------------------------+
; Flow Elapsed Time                                                                                                             ;
+---------------------------+--------------+-------------------------+---------------------+------------------------------------+
; Module Name               ; Elapsed Time ; Average Processors Used ; Peak Virtual Memory ; Total CPU Time (on all processors) ;
+---------------------------+--------------+-------------------------+---------------------+------------------------------------+
; Analysis & Synthesis      ; 00:00:24     ; 1.0                     ; 996 MB              ; 00:00:38                           ;
; Fitter                    ; 00:00:17     ; 1.0                     ; 1537 MB             ; 00:00:24                           ;
; Assembler                 ; 00:00:04     ; 1.0                     ; 828 MB              ; 00:00:04                           ;
; TimeQuest Timing Analyzer ; 00:00:07     ; 1.5                     ; 973 MB              ; 00:00:08                           ;
; Total                     ; 00:00:52     ; --                      ; --                  ; 00:01:14                           ;
+---------------------------+--------------+-------------------------+---------------------+------------------------------------+


+-----------------------------------------------------------------------------------------+
; Flow OS Summary                                                                         ;
+---------------------------+------------------+------------+------------+----------------+
; Module Name               ; Machine Hostname ; OS Name    ; OS Version ; Processor type ;
+---------------------------+------------------+------------+------------+----------------+
; Analysis & Synthesis      ; D132591          ; Linux Mint ; 18         ; x86_64         ;
; Fitter                    ; D132591          ; Linux Mint ; 18         ; x86_64         ;
; Assembler                 ; D132591          ; Linux Mint ; 18         ; x86_64         ;
; TimeQuest Timing Analyzer ; D132591          ; Linux Mint ; 18         ; x86_64         ;
+---------------------------+------------------+------------+------------+----------------+


------------
; Flow Log ;
------------
quartus_map --read_settings_files=on --write_settings_files=off CPU -c CPU
quartus_fit --read_settings_files=off --write_settings_files=off CPU -c CPU
quartus_asm --read_settings_files=off --write_settings_files=off CPU -c CPU
quartus_sta CPU -c CPU



